<?xml version="1.0" encoding="UTF-8"?>
<testng-results ignored="0" total="1" passed="1" failed="0" skipped="0">
  <reporter-output>
  </reporter-output>
  <suite started-at="2020-10-15T15:49:06 IST" name="Default suite" finished-at="2020-10-15T15:49:17 IST" duration-ms="10616">
    <groups>
    </groups>
    <test started-at="2020-10-15T15:49:06 IST" name="Default test" finished-at="2020-10-15T15:49:17 IST" duration-ms="10616">
      <class name="pras.NewTest">
        <test-method signature="f()[pri:0, instance:pras.NewTest@53aac487]" started-at="2020-10-15T15:49:06 IST" name="f" finished-at="2020-10-15T15:49:17 IST" duration-ms="10561" status="PASS">
          <reporter-output>
          </reporter-output>
        </test-method> <!-- f -->
      </class> <!-- pras.NewTest -->
    </test> <!-- Default test -->
  </suite> <!-- Default suite -->
</testng-results>
